<?xml version="1.0" encoding="UTF-8"?>
<testng-results ignored="0" total="1" passed="1" failed="0" skipped="0">
  <reporter-output>
  </reporter-output>
  <suite started-at="2026-03-26T15:00:34 IST" name="Suite" finished-at="2026-03-26T15:00:41 IST" duration-ms="6953">
    <groups>
    </groups>
    <test started-at="2026-03-26T15:00:34 IST" name="Test" finished-at="2026-03-26T15:00:41 IST" duration-ms="6953">
      <class name="selenium.Allwebfunctions">
        <test-method signature="openapplication()[pri:0, instance:selenium.Allwebfunctions@359f7cdf]" started-at="2026-03-26T15:00:34 IST" name="openapplication" finished-at="2026-03-26T15:00:41 IST" duration-ms="6914" status="PASS">
          <reporter-output>
          </reporter-output>
        </test-method> <!-- openapplication -->
      </class> <!-- selenium.Allwebfunctions -->
    </test> <!-- Test -->
  </suite> <!-- Suite -->
</testng-results>
